<?xml version="1.0" encoding="utf-8"?>
<shfbBuild product="Sandcastle Help File Builder" version="2015.1.12.0" projectFile="E:\Projetos\Source\Pessoal\Framework\Source\CSharp\IOC.Documentation\IOC.Documentation.shfbproj" started="10/02/2015 08:50:18">
<buildStep step="Initializing">
Finding tools...
The Sandcastle tools are located in &#39;C:\Program Files (x86)\EWSoftware\Sandcastle Help File Builder\&#39;
Locating components in the following folder(s):
   E:\Projetos\Source\Pessoal\Framework\Source\CSharp\IOC.Documentation
Using presentation style &#39;VS2013&#39; located in &#39;C:\Program Files (x86)\EWSoftware\Sandcastle Help File Builder\PresentationStyles\VS2013&#39;
Loading and initializing plug-ins...
Lightweight Website Style Version 2015.1.12.0
Copyright &#169; 2006-2015, Eric Woodruff, All Rights Reserved
Portions Copyright &#169; 2014, Sam Harwell, All Rights Reserved
</buildStep>
<buildStep step="ClearWorkFolder">
Clearing working folder...
</buildStep>
<buildStep step="ValidatingDocumentationSources">
Validating and copying documentation source information
Source: E:\Projetos\Source\Pessoal\Framework\Source\CSharp\IOC.FW\IOC.FW.csproj
    Found project &#39;E:\Projetos\Source\Pessoal\Framework\Source\CSharp\IOC.FW\IOC.FW.csproj&#39;
Source: E:\Projetos\Source\Pessoal\Framework\Source\CSharp\IOC.FW.Web\IOC.FW.Web.csproj
    Found project &#39;E:\Projetos\Source\Pessoal\Framework\Source\CSharp\IOC.FW.Web\IOC.FW.Web.csproj&#39;
Source: E:\Projetos\Source\Pessoal\Framework\Source\CSharp\IOC.FW.Web.MVC\IOC.FW.Web.MVC.csproj
    Found project &#39;E:\Projetos\Source\Pessoal\Framework\Source\CSharp\IOC.FW.Web.MVC\IOC.FW.Web.MVC.csproj&#39;

Parsing project files
    Found assembly &#39;E:\Projetos\Source\Pessoal\Framework\Source\CSharp\IOC.FW\bin\Debug\IOC.FW.dll&#39;
    Found assembly &#39;E:\Projetos\Source\Pessoal\Framework\Source\CSharp\IOC.FW.Web\bin\Debug\IOC.FW.Web.dll&#39;
    Found assembly &#39;E:\Projetos\Source\Pessoal\Framework\Source\CSharp\IOC.FW.Web.MVC\bin\Debug\IOC.FW.Web.MVC.dll&#39;

References to include (excluding framework assemblies):
    EntityFramework, Version=6.0.0.0, Culture=neutral, PublicKeyToken=b77a5c561934e089, processorArchitecture=MSIL
    EntityFramework.SqlServer, Version=6.0.0.0, Culture=neutral, PublicKeyToken=b77a5c561934e089, processorArchitecture=MSIL
    log4net, Version=1.2.13.0, Culture=neutral, PublicKeyToken=669e0ddf0bb1aa2a, processorArchitecture=MSIL
    MySql.Data, Version=6.9.5.0, Culture=neutral, PublicKeyToken=c5687fc88969c44d, processorArchitecture=MSIL
    MySql.Data.Entity.EF6, Version=6.8.3.0, Culture=neutral, PublicKeyToken=c5687fc88969c44d, processorArchitecture=MSIL
    SimpleInjector, Version=2.7.1.0, Culture=neutral, PublicKeyToken=984cb50dea722e99, processorArchitecture=MSIL
    SimpleInjector.Diagnostics, Version=2.7.1.0, Culture=neutral, PublicKeyToken=984cb50dea722e99, processorArchitecture=MSIL
    System.Data.SQLite, Version=1.0.94.0, Culture=neutral, PublicKeyToken=db937bc2d44ff139, processorArchitecture=MSIL
    System.Data.SQLite.EF6, Version=1.0.94.0, Culture=neutral, PublicKeyToken=db937bc2d44ff139, processorArchitecture=MSIL
    System.Data.SQLite.Linq, Version=1.0.94.0, Culture=neutral, PublicKeyToken=db937bc2d44ff139, processorArchitecture=MSIL
    System.Net.Http, Version=2.0.0.0, Culture=neutral, PublicKeyToken=b03f5f7f11d50a3a, processorArchitecture=MSIL
    System.Net.Http.Formatting, Version=4.0.0.0, Culture=neutral, PublicKeyToken=31bf3856ad364e35, processorArchitecture=MSIL
    System.Web.Http, Version=4.0.0.0, Culture=neutral, PublicKeyToken=31bf3856ad364e35, processorArchitecture=MSIL
    System.Web.Http.WebHost, Version=4.0.0.0, Culture=neutral, PublicKeyToken=31bf3856ad364e35, processorArchitecture=MSIL
    System.Web.Mvc, Version=4.0.0.1, Culture=neutral, PublicKeyToken=31bf3856ad364e35, processorArchitecture=MSIL

Copying XML comments files
    E:\Projetos\Source\Pessoal\Framework\Source\CSharp\IOC.FW\bin\Debug\IOC.FW.XML -&gt; E:\Projetos\Source\Pessoal\Framework\Source\CSharp\IOC.Documentation\Help\IOC.FW.XML
</buildStep>
<buildStep step="GenerateSharedContent">
Generating shared content files (en-US, English (United States))...
<plugIn name="Lightweight Website Style" behavior="After" priority="1000">
</plugIn>    Last step completed in 00:00:00,0371
</buildStep>
<buildStep step="GenerateApiFilter">
Generating API filter for MRefBuilder...
    Last step completed in 00:00:00,0050
</buildStep>
<buildStep step="GenerateReflectionInfo">
Generating reflection information...
[C:\windows\Microsoft.NET\Framework\v4.0.30319\MSBuild.exe]
Build started 10/02/2015 08:50:20.
Project &quot;E:\Projetos\Source\Pessoal\Framework\Source\CSharp\IOC.Documentation\Help\GenerateRefInfo.proj&quot; on node 1 (default targets).
PrepareForBuild:
  Creating directory &quot;obj\Debug\&quot;.
GenerateRefInfo:
  MRefBuilder (v2015.1.12.0)
  Copyright &#184; 2006-2015, Microsoft Corporation, All Rights Reserved.
  Portions Copyright &#184; 2006-2014, Eric Woodruff, All Rights Reserved.
  Loaded 3 assemblies for reflection and 16 dependency assemblies.
  Wrote information on 25 namespaces, 51 types, and 259 members
  Copying file from &quot;reflection.org&quot; to &quot;reflection.all&quot;.
  XslTransform (v2015.1.12.0)
  Copyright &#184; 2006-2015, Microsoft Corporation, All Rights Reserved.
  Portions Copyright &#184; 2006-2014, Eric Woodruff, All Rights Reserved.
  Applying XSL transformation &#39;C:\Program Files (x86)\EWSoftware\Sandcastle Help File Builder\ProductionTransforms\MergeDuplicates.xsl&#39;.
Done Building Project &quot;E:\Projetos\Source\Pessoal\Framework\Source\CSharp\IOC.Documentation\Help\GenerateRefInfo.proj&quot; (default targets).

Build succeeded.

Time Elapsed 00:00:00.88
    Last step completed in 00:00:01,2908
</buildStep>
<buildStep step="TransformReflectionInfo">
Transforming reflection output...
[C:\windows\Microsoft.NET\Framework\v4.0.30319\MSBuild.exe]
Build started 10/02/2015 08:50:20.
Project &quot;E:\Projetos\Source\Pessoal\Framework\Source\CSharp\IOC.Documentation\Help\TransformManifest.proj&quot; on node 1 (default targets).
TransformManifest:
  XslTransform (v2015.1.12.0)
  Copyright &#184; 2006-2015, Microsoft Corporation, All Rights Reserved.
  Portions Copyright &#184; 2006-2014, Eric Woodruff, All Rights Reserved.
  Applying XSL transformation &#39;C:\Program Files (x86)\EWSoftware\Sandcastle Help File Builder\\ProductionTransforms\ApplyVSDocModel.xsl&#39;.
  Copying file from &quot;reflection.xml&quot; to &quot;reflection.nofilenames&quot;.
  XslTransform (v2015.1.12.0)
  Copyright &#184; 2006-2015, Microsoft Corporation, All Rights Reserved.
  Portions Copyright &#184; 2006-2014, Eric Woodruff, All Rights Reserved.
  Applying XSL transformation &#39;C:\Program Files (x86)\EWSoftware\Sandcastle Help File Builder\ProductionTransforms\AddFilenames.xsl&#39;.
  XslTransform (v2015.1.12.0)
  Copyright &#184; 2006-2015, Microsoft Corporation, All Rights Reserved.
  Portions Copyright &#184; 2006-2014, Eric Woodruff, All Rights Reserved.
  Applying XSL transformation &#39;C:\Program Files (x86)\EWSoftware\Sandcastle Help File Builder\ProductionTransforms\ReflectionToManifest.xsl&#39;.
Done Building Project &quot;E:\Projetos\Source\Pessoal\Framework\Source\CSharp\IOC.Documentation\Help\TransformManifest.proj&quot; (default targets).

Build succeeded.

Time Elapsed 00:00:02.80
    Last step completed in 00:00:02,8990
</buildStep>
<buildStep step="GenerateNamespaceSummaries">
Generating namespace summary information...
    Last step completed in 00:00:00,0871
</buildStep>
<buildStep step="CopyConceptualContent">
Copying conceptual content...
Copying standard token shared content file...
Checking for other token files...
Checking for code snippets files...
Copying images and creating the media map file...
Generating conceptual topic files
    Parsing topic file &#39;E:\Projetos\Source\Pessoal\Framework\Source\CSharp\IOC.Documentation\Content\Welcome.aml&#39;
    E:\Projetos\Source\Pessoal\Framework\Source\CSharp\IOC.Documentation\Content\Welcome.aml -&gt; E:\Projetos\Source\Pessoal\Framework\Source\CSharp\IOC.Documentation\Help\ddueXml\6218875c-2dbd-4069-9f04-470b5dc752fd.xml
    Parsing topic file &#39;E:\Projetos\Source\Pessoal\Framework\Source\CSharp\IOC.Documentation\Content\VersionHistory\VersionHistory.aml&#39;
    E:\Projetos\Source\Pessoal\Framework\Source\CSharp\IOC.Documentation\Content\VersionHistory\VersionHistory.aml -&gt; E:\Projetos\Source\Pessoal\Framework\Source\CSharp\IOC.Documentation\Help\ddueXml\2dbfee8f-1367-4463-ba59-5e0c99fd78c0.xml
    Parsing topic file &#39;E:\Projetos\Source\Pessoal\Framework\Source\CSharp\IOC.Documentation\Content\VersionHistory\v1.0.0.0.aml&#39;
    E:\Projetos\Source\Pessoal\Framework\Source\CSharp\IOC.Documentation\Content\VersionHistory\v1.0.0.0.aml -&gt; E:\Projetos\Source\Pessoal\Framework\Source\CSharp\IOC.Documentation\Help\ddueXml\dc3a90c4-cf59-49a8-ac27-de6551d750b8.xml
    Last step completed in 00:00:00,1362
</buildStep>
<buildStep step="CreateConceptualTopicConfigs">
Creating conceptual topic configuration files...
    Companion files
    _ContentMetadata_.xml
    ConceptualManifest.xml
    Last step completed in 00:00:00,0330
</buildStep>
<buildStep step="CopyAdditionalContent">
Copying additional content files...
E:\Projetos\Source\Pessoal\Framework\Source\CSharp\IOC.Documentation\icons\Help.png -&gt; E:\Projetos\Source\Pessoal\Framework\Source\CSharp\IOC.Documentation\Help\Output\Website\icons\Help.png
    Last step completed in 00:00:00,0411
</buildStep>
<buildStep step="MergeTablesOfContents">
Merging conceptual and additional tables of contents...
    Last step completed in 00:00:00,0000
</buildStep>
<buildStep step="GenerateIntermediateTableOfContents">
Generating intermediate table of contents file...
[C:\windows\Microsoft.NET\Framework\v4.0.30319\MSBuild.exe]
Build started 10/02/2015 08:50:24.
Project &quot;E:\Projetos\Source\Pessoal\Framework\Source\CSharp\IOC.Documentation\Help\GenerateIntermediateTOC.proj&quot; on node 1 (default targets).
GenerateIntermediateTOC:
  XslTransform (v2015.1.12.0)
  Copyright &#184; 2006-2015, Microsoft Corporation, All Rights Reserved.
  Portions Copyright &#184; 2006-2014, Eric Woodruff, All Rights Reserved.
  Applying XSL transformation &#39;C:\Program Files (x86)\EWSoftware\Sandcastle Help File Builder\\ProductionTransforms\CreateVSToc.xsl&#39;.
Done Building Project &quot;E:\Projetos\Source\Pessoal\Framework\Source\CSharp\IOC.Documentation\Help\GenerateIntermediateTOC.proj&quot; (default targets).

Build succeeded.

Time Elapsed 00:00:00.13
Generating conceptual content intermediate TOC file...
    Last step completed in 00:00:00,3575
</buildStep>
<buildStep step="CreateBuildAssemblerConfigs">
Creating Sandcastle configuration files...
    sandcastle.config
    conceptual.config
    Last step completed in 00:00:02,9430
</buildStep>
<buildStep step="Failed">

SHFB: Error BE0019: Unable to transform template &#39;JScript.xml&#39;: The requested operation cannot be performed on a file with a user-mapped section open.

   at SandcastleBuilder.Utils.BuildEngine.BuildProcess.TransformTemplate(String template, String sourceFolder, String destFolder)
   at SandcastleBuilder.Utils.BuildEngine.BuildProcess.OnFieldMatch(Match match)
   at System.Text.RegularExpressions.RegexReplacement.Replace(MatchEvaluator evaluator, Regex regex, String input, Int32 count, Int32 startat)
   at System.Text.RegularExpressions.Regex.Replace(String input, MatchEvaluator evaluator, Int32 count, Int32 startat)
   at System.Text.RegularExpressions.Regex.Replace(String input, MatchEvaluator evaluator)
   at SandcastleBuilder.Utils.BuildEngine.BuildProcess.TransformTemplate(String template, String sourceFolder, String destFolder)
   at SandcastleBuilder.Utils.BuildEngine.BuildProcess.Build()
The requested operation cannot be performed on a file with a user-mapped section open.

   at System.IO.__Error.WinIOError(Int32 errorCode, String maybeFullPath)
   at System.IO.FileStream.Init(String path, FileMode mode, FileAccess access, Int32 rights, Boolean useRights, FileShare share, Int32 bufferSize, FileOptions options, SECURITY_ATTRIBUTES secAttrs, String msgPath, Boolean bFromProxy, Boolean useLongPath, Boolean checkHost)
   at System.IO.FileStream..ctor(String path, FileMode mode, FileAccess access, FileShare share, Int32 bufferSize, FileOptions options, String msgPath, Boolean bFromProxy, Boolean useLongPath, Boolean checkHost)
   at System.IO.StreamWriter.CreateFile(String path, Boolean append, Boolean checkHost)
   at System.IO.StreamWriter..ctor(String path, Boolean append, Encoding encoding, Int32 bufferSize, Boolean checkHost)
   at System.IO.StreamWriter..ctor(String path, Boolean append, Encoding encoding)
   at SandcastleBuilder.Utils.BuildEngine.BuildProcess.TransformTemplate(String template, String sourceFolder, String destFolder)

</buildStep>
</shfbBuild>
